<?xml version="1.0" encoding="UTF-8"?>
<testng-results skipped="0" failed="0" ignored="0" total="1" passed="1">
  <reporter-output>
  </reporter-output>
  <suite name="Default suite" duration-ms="4576" started-at="2024-09-21T11:44:58Z" finished-at="2024-09-21T11:45:02Z">
    <groups>
    </groups>
    <test name="Default test" duration-ms="4576" started-at="2024-09-21T11:44:58Z" finished-at="2024-09-21T11:45:02Z">
      <class name="TestScripts.Verify_Test">
        <test-method status="PASS" signature="Test()[pri:0, instance:TestScripts.Verify_Test@731f8236]" name="Test" duration-ms="4493" started-at="2024-09-21T11:44:58Z" finished-at="2024-09-21T11:45:02Z">
          <reporter-output>
          </reporter-output>
        </test-method> <!-- Test -->
      </class> <!-- TestScripts.Verify_Test -->
    </test> <!-- Default test -->
  </suite> <!-- Default suite -->
</testng-results>
